{"level":"info","message":"Server running on port 3000","service":"user-service","timestamp":"2024-11-14T12:28:39.184Z"}
{"level":"error","message":"500 - Failed to lookup view \"auth/owner/signup\" in views directory \"./views\" - /auth/owner/signup - GET - ::1","service":"user-service","timestamp":"2024-11-14T12:29:54.419Z"}
{"level":"error","message":"Not Found","service":"user-service","timestamp":"2024-11-14T12:29:54.560Z"}
{"level":"error","message":"404 - Not Found - /favicon.ico - GET - ::1","service":"user-service","timestamp":"2024-11-14T12:29:54.561Z"}
{"level":"info","message":"Server running on port 3000","service":"user-service","timestamp":"2024-11-14T12:30:54.163Z"}
{"level":"error","message":"500 - Failed to lookup view \"auth/owner/signup\" in views directory \"C:\\Users\\noa\\Downloads\\DSI 3rd Term\\NodeJS\\Project\\Source code\\views\" - /auth/owner/signup - GET - ::1","service":"user-service","timestamp":"2024-11-14T12:30:57.096Z"}
{"level":"info","message":"Server running on port 3000","service":"user-service","timestamp":"2024-11-14T12:31:06.872Z"}
{"level":"info","message":"Server running on port 3000","service":"user-service","timestamp":"2024-11-14T12:33:02.542Z"}
{"level":"error","message":"Not Found","service":"user-service","timestamp":"2024-11-14T12:33:23.447Z"}
{"level":"error","message":"404 - Not Found - /auth/owner/auth/owner/signup - POST - ::1","service":"user-service","timestamp":"2024-11-14T12:33:23.448Z"}
{"level":"info","message":"Server running on port 3000","service":"user-service","timestamp":"2024-11-14T12:34:34.826Z"}
{"level":"error","message":"Not Found","service":"user-service","timestamp":"2024-11-14T12:34:42.473Z"}
{"level":"error","message":"404 - Not Found - /auth/owner/auth/owner/signup - POST - ::1","service":"user-service","timestamp":"2024-11-14T12:34:42.474Z"}
{"level":"error","message":"500 - Owner validation failed: passwordHash: Path `passwordHash` is required. - /auth/owner/signup - POST - ::1","service":"user-service","timestamp":"2024-11-14T12:41:25.934Z"}
{"level":"info","message":"Server running on port 3000","service":"user-service","timestamp":"2024-11-14T12:42:36.155Z"}
{"level":"info","message":"Server running on port 3000","service":"user-service","timestamp":"2024-11-14T12:44:24.721Z"}
{"level":"info","message":"Server running on port 3000","service":"user-service","timestamp":"2024-11-14T12:48:06.368Z"}
{"level":"info","message":"Server running on port 3000","service":"user-service","timestamp":"2024-11-14T12:48:42.577Z"}
{"level":"error","message":"Not Found","service":"user-service","timestamp":"2024-11-14T12:49:44.303Z"}
{"level":"error","message":"404 - Not Found - /owner/dashboard - GET - ::1","service":"user-service","timestamp":"2024-11-14T12:49:44.304Z"}
{"level":"info","message":"Server running on port 3000","service":"user-service","timestamp":"2024-11-14T12:50:41.268Z"}
{"level":"info","message":"Server running on port 3000","service":"user-service","timestamp":"2024-11-14T12:50:45.049Z"}
{"level":"error","message":"Not Found","service":"user-service","timestamp":"2024-11-14T12:51:02.524Z"}
{"level":"error","message":"404 - Not Found - /dashboard - GET - ::1","service":"user-service","timestamp":"2024-11-14T12:51:02.525Z"}
{"level":"error","message":"Not Found","service":"user-service","timestamp":"2024-11-14T12:51:12.139Z"}
{"level":"error","message":"404 - Not Found - /dashboard - GET - ::1","service":"user-service","timestamp":"2024-11-14T12:51:12.140Z"}
{"level":"info","message":"Server running on port 3000","service":"user-service","timestamp":"2024-11-14T12:53:48.189Z"}
{"level":"error","message":"500 - Failed to lookup view \"owner/dashboard\" in views directory \"./views\" - /owners/dashboard - GET - ::1","service":"user-service","timestamp":"2024-11-14T12:54:00.279Z"}
{"level":"info","message":"Server running on port 3000","service":"user-service","timestamp":"2024-11-14T12:56:02.609Z"}
{"level":"error","message":"Not Found","service":"user-service","timestamp":"2024-11-14T12:56:10.761Z"}
{"level":"error","message":"404 - Not Found - /auth/owner/dashboard - GET - ::1","service":"user-service","timestamp":"2024-11-14T12:56:10.762Z"}
{"level":"info","message":"Server running on port 3000","service":"user-service","timestamp":"2024-11-14T13:01:23.691Z"}
{"level":"info","message":"Server running on port 3000","service":"user-service","timestamp":"2024-11-14T13:01:27.870Z"}
{"level":"error","message":"500 - C:\\Users\\noa\\Downloads\\DSI 3rd Term\\NodeJS\\Project\\Source code\\views\\dashboard.ejs:8\n    6|     </head>\r\n    7|     <body>\r\n >> 8|         <h1>Welcome <%= user.name %></h1>\r\n    9|         <p>You are logged in as: <%= user.email %></p>\r\n    10| \r\n    11|         <div class=\"dashboard-actions\">\r\n\nuser is not defined - /auth/owner/login - POST - ::1","service":"user-service","timestamp":"2024-11-14T13:01:40.912Z"}
{"level":"error","message":"500 - C:\\Users\\noa\\Downloads\\DSI 3rd Term\\NodeJS\\Project\\Source code\\views\\dashboard.ejs:8\n    6|     </head>\r\n    7|     <body>\r\n >> 8|         <h1>Welcome <%= owner.name %></h1>\r\n    9|         <p>You are logged in as: <%= owner.email %></p>\r\n    10| \r\n    11|         <div class=\"dashboard-actions\">\r\n\nowner is not defined - /auth/owner/login - POST - ::1","service":"user-service","timestamp":"2024-11-14T13:03:39.960Z"}
{"level":"info","message":"Server running on port 3000","service":"user-service","timestamp":"2024-11-14T13:04:40.082Z"}
{"level":"info","message":"Server running on port 3000","service":"user-service","timestamp":"2024-11-14T13:04:56.808Z"}
{"level":"info","message":"Server running on port 3000","service":"user-service","timestamp":"2024-11-14T13:05:10.553Z"}
{"level":"error","message":"500 - C:\\Users\\noa\\Downloads\\DSI 3rd Term\\NodeJS\\Project\\Source code\\views\\dashboard.ejs:8\n    6|     </head>\r\n    7|     <body>\r\n >> 8|         <h1>Welcome <%= owner.name %></h1>\r\n    9|         <p>You are logged in as: <%= owner.email %></p>\r\n    10| \r\n    11|         <div class=\"dashboard-actions\">\r\n\nowner is not defined - /auth/owner/login - POST - ::1","service":"user-service","timestamp":"2024-11-14T13:05:16.543Z"}
{"level":"info","message":"Server running on port 3000","timestamp":"2024-11-14T13:06:40.734Z"}
{"level":"info","message":"Server running on port 3000","timestamp":"2024-11-14T13:11:47.671Z"}
{"level":"error","message":"Not Found","timestamp":"2024-11-14T13:11:58.226Z"}
{"level":"error","message":"404 - Not Found - /auth/login - GET - ::1","timestamp":"2024-11-14T13:11:58.227Z"}
{"level":"error","message":"500 - Failed to lookup view \"/auth/owner/login\" in views directory \"./views\" - /auth/owner/login - GET - ::1","timestamp":"2024-11-14T13:12:05.898Z"}
{"level":"info","message":"Server running on port 3000","timestamp":"2024-11-14T13:13:14.170Z"}
{"level":"error","message":"500 - Failed to lookup view \"/auth/owner/login\" in views directory \"./views\" - /auth/owner/login - GET - ::1","timestamp":"2024-11-14T13:13:36.381Z"}
{"level":"error","message":"500 - Failed to lookup view \"/auth/owner/login\" in views directory \"./views\" - /auth/owner/login - GET - ::1","timestamp":"2024-11-14T13:13:37.436Z"}
{"level":"error","message":"Not Found","timestamp":"2024-11-14T13:13:58.093Z"}
{"level":"error","message":"404 - Not Found - /auth/login - GET - ::1","timestamp":"2024-11-14T13:13:58.093Z"}
{"level":"error","message":"500 - Failed to lookup view \"/auth/owner/login\" in views directory \"./views\" - /auth/owner/login - GET - ::1","timestamp":"2024-11-14T13:14:21.893Z"}
{"level":"error","message":"500 - Failed to lookup view \"/auth/owner/login\" in views directory \"./views\" - /auth/owner/login - GET - ::1","timestamp":"2024-11-14T13:15:29.223Z"}
{"level":"info","message":"Server running on port 3000","timestamp":"2024-11-14T13:16:00.336Z"}
{"level":"error","message":"500 - Failed to lookup view \"/auth/owner/login\" in views directory \"./views\" - /auth/owner/login - GET - ::1","timestamp":"2024-11-14T13:16:03.110Z"}
{"level":"info","message":"Server running on port 3000","timestamp":"2024-11-14T13:18:15.877Z"}
{"level":"error","message":"500 - C:\\Users\\noa\\Downloads\\DSI 3rd Term\\NodeJS\\Project\\Source code\\views\\dashboard.ejs:8\n    6|     </head>\r\n    7|     <body>\r\n >> 8|         <h1>Welcome <%= owner.name %></h1>\r\n    9|         <p>You are logged in as: <%= owner.email %></p>\r\n    10| \r\n    11|         <div class=\"dashboard-actions\">\r\n\nowner is not defined - /auth/owner/login - POST - ::1","timestamp":"2024-11-14T13:19:05.495Z"}
{"level":"error","message":"500 - C:\\Users\\noa\\Downloads\\DSI 3rd Term\\NodeJS\\Project\\Source code\\views\\dashboard.ejs:8\n    6|     </head>\r\n    7|     <body>\r\n >> 8|         <h1>Welcome <%= owner.name %></h1>\r\n    9|         <p>You are logged in as: <%= owner.email %></p>\r\n    10| \r\n    11|         <div class=\"dashboard-actions\">\r\n\nowner is not defined - /auth/owner/login - POST - ::1","timestamp":"2024-11-14T13:22:01.203Z"}
{"level":"info","message":"Server running on port 3000","timestamp":"2024-11-14T13:25:30.795Z"}
{"level":"error","message":"500 - C:\\Users\\noa\\Downloads\\DSI 3rd Term\\NodeJS\\Project\\Source code\\views\\dashboard.ejs:8\n    6|     </head>\r\n    7|     <body>\r\n >> 8|         <h1>Welcome <%= owner.name %></h1>\r\n    9|         <p>You are logged in as: <%= owner.email %></p>\r\n    10| \r\n    11|         <div class=\"dashboard-actions\">\r\n\nowner is not defined - /auth/owner/login - POST - ::1","timestamp":"2024-11-14T13:25:35.576Z"}
{"level":"error","message":"Not Found","timestamp":"2024-11-14T13:26:01.127Z"}
{"level":"error","message":"404 - Not Found - /owner/dashboard - GET - ::1","timestamp":"2024-11-14T13:26:01.128Z"}
{"level":"info","message":"Server running on port 3000","timestamp":"2024-11-14T13:28:01.769Z"}
{"level":"info","message":"Server running on port 3000","timestamp":"2024-11-14T13:28:42.427Z"}
{"level":"info","message":"Server running on port 3000","timestamp":"2024-11-14T13:52:41.456Z"}
{"level":"info","message":"Server running on port 3000","timestamp":"2024-11-14T13:52:42.983Z"}
{"level":"info","message":"Server running on port 3000","timestamp":"2024-11-14T13:52:45.716Z"}
{"level":"info","message":"Server running on port 3000","timestamp":"2024-11-14T13:52:47.957Z"}
{"level":"info","message":"Server running on port 3000","timestamp":"2024-11-14T13:58:06.894Z"}
{"level":"info","message":"Server running on port 3000","timestamp":"2024-11-14T13:58:14.209Z"}
{"level":"info","message":"Server running on port 3000","timestamp":"2024-11-14T13:59:40.020Z"}
{"level":"info","message":"Server running on port 3000","timestamp":"2024-11-14T14:00:32.185Z"}
{"level":"info","message":"Server running on port 3000","timestamp":"2024-11-14T14:02:08.389Z"}
{"level":"info","message":"Server running on port 3000","timestamp":"2024-11-14T14:03:50.031Z"}
{"level":"info","message":"Server running on port 3000","timestamp":"2024-11-14T14:03:54.251Z"}
{"level":"info","message":"Server running on port 3000","timestamp":"2024-11-14T14:22:26.281Z"}
{"level":"info","message":"Server running on port 3000","timestamp":"2024-11-14T14:24:14.900Z"}
{"level":"info","message":"Server running on port 3000","timestamp":"2024-11-14T14:24:17.262Z"}
{"level":"error","message":"Not Found","timestamp":"2024-11-14T14:24:21.044Z"}
{"level":"error","message":"404 - Not Found - /auth/owner/singup - GET - ::1","timestamp":"2024-11-14T14:24:21.046Z"}
{"level":"info","message":"Server running on port 3000","timestamp":"2024-11-14T14:24:36.000Z"}
{"level":"info","message":"Server running on port 3000","timestamp":"2024-11-14T14:24:38.438Z"}
{"level":"info","message":"Server running on port 3000","timestamp":"2024-11-14T14:24:53.508Z"}
{"level":"info","message":"Server running on port 3000","timestamp":"2024-11-14T14:24:55.950Z"}
{"level":"info","message":"Server running on port 3000","timestamp":"2024-11-14T14:24:58.182Z"}
{"level":"info","message":"Server running on port 3000","timestamp":"2024-11-14T14:25:00.702Z"}
{"level":"error","message":"Not Found","timestamp":"2024-11-14T14:25:14.954Z"}
{"level":"error","message":"404 - Not Found - /auth/owner/singup - GET - ::1","timestamp":"2024-11-14T14:25:14.954Z"}
{"level":"info","message":"Server running on port 3000","timestamp":"2024-11-14T14:25:24.211Z"}
{"level":"error","message":"Not Found","timestamp":"2024-11-14T14:25:25.116Z"}
{"level":"error","message":"404 - Not Found - /auth/owner/singup - GET - ::1","timestamp":"2024-11-14T14:25:25.117Z"}
{"level":"error","message":"500 - Failed to lookup view \"/auth/owner/signup\" in views directory \"./views\" - /auth/owner/signup - GET - ::1","timestamp":"2024-11-14T14:25:47.254Z"}
{"level":"error","message":"Not Found","timestamp":"2024-11-14T14:26:00.828Z"}
{"level":"error","message":"404 - Not Found - /auth/owners/signup - GET - ::1","timestamp":"2024-11-14T14:26:00.830Z"}
{"level":"info","message":"Server running on port 3000","timestamp":"2024-11-14T14:26:16.307Z"}
{"level":"info","message":"Server running on port 3000","timestamp":"2024-11-14T14:26:18.669Z"}
{"level":"error","message":"500 - Not authorized, no token - /owners/dashboard - GET - ::1","timestamp":"2024-11-14T14:26:53.136Z"}
{"level":"info","message":"Server running on port 3000","timestamp":"2024-11-14T14:28:22.233Z"}
{"level":"error","message":"Not Found","timestamp":"2024-11-14T14:28:27.806Z"}
{"level":"error","message":"404 - Not Found - /css/styles.css - GET - ::1","timestamp":"2024-11-14T14:28:27.807Z"}
{"level":"info","message":"Server running on port 3000","timestamp":"2024-11-14T14:28:38.257Z"}
{"level":"info","message":"Server running on port 3000","timestamp":"2024-11-14T14:28:43.533Z"}
{"level":"info","message":"Server running on port 3000","timestamp":"2024-11-14T14:29:07.839Z"}
{"level":"info","message":"Server running on port 3000","timestamp":"2024-11-14T14:29:10.024Z"}
{"level":"info","message":"Server running on port 3000","timestamp":"2024-11-14T14:29:12.218Z"}
{"level":"info","message":"Server running on port 3000","timestamp":"2024-11-14T14:29:22.493Z"}
{"level":"info","message":"Server running on port 3000","timestamp":"2024-11-14T14:29:29.015Z"}
{"level":"info","message":"Server running on port 3000","timestamp":"2024-11-14T14:29:31.578Z"}
{"level":"info","message":"Server running on port 3000","timestamp":"2024-11-14T14:29:33.804Z"}
{"level":"info","message":"Server running on port 3000","timestamp":"2024-11-14T14:29:47.345Z"}
{"level":"info","message":"Server running on port 3000","timestamp":"2024-11-14T14:29:49.735Z"}
{"level":"info","message":"Server running on port 3000","timestamp":"2024-11-14T14:29:51.994Z"}
{"level":"info","message":"Server running on port 3000","timestamp":"2024-11-14T14:29:54.238Z"}
{"level":"info","message":"Server running on port 3000","timestamp":"2024-11-14T14:29:56.513Z"}
{"level":"info","message":"Server running on port 3000","timestamp":"2024-11-14T14:29:58.839Z"}
{"level":"info","message":"Server running on port 3000","timestamp":"2024-11-14T14:30:46.628Z"}
{"level":"info","message":"Server running on port 3000","timestamp":"2024-11-14T14:30:50.604Z"}
{"level":"info","message":"Server running on port 3000","timestamp":"2024-11-14T14:30:52.719Z"}
{"level":"info","message":"Server running on port 3000","timestamp":"2024-11-14T14:30:55.102Z"}
{"level":"info","message":"Server running on port 3000","timestamp":"2024-11-14T14:30:57.199Z"}
{"level":"error","message":"500 - User already exists - /auth/owner/signup - POST - ::1","timestamp":"2024-11-14T14:30:57.779Z"}
{"level":"info","message":"Server running on port 3000","timestamp":"2024-11-14T14:31:10.179Z"}
{"level":"info","message":"Server running on port 3000","timestamp":"2024-11-14T14:31:12.173Z"}
{"level":"info","message":"Server running on port 3000","timestamp":"2024-11-14T14:31:14.515Z"}
{"level":"info","message":"Server running on port 3000","timestamp":"2024-11-14T14:31:16.747Z"}
{"level":"info","message":"Server running on port 3000","timestamp":"2024-11-14T14:31:41.646Z"}
{"level":"info","message":"Server running on port 3000","timestamp":"2024-11-14T14:31:43.994Z"}
{"level":"info","message":"Server running on port 3000","timestamp":"2024-11-14T14:31:46.331Z"}
{"level":"info","message":"Server running on port 3000","timestamp":"2024-11-14T14:32:04.730Z"}
{"level":"info","message":"Server running on port 3000","timestamp":"2024-11-14T14:32:08.425Z"}
{"level":"info","message":"Server running on port 3000","timestamp":"2024-11-16T16:16:18.429Z"}
{"level":"info","message":"Server running on: http://localhost:3000","timestamp":"2024-11-16T16:17:50.397Z"}
{"level":"error","message":"Not Found","timestamp":"2024-11-16T16:17:53.899Z"}
{"level":"error","message":"404 - Not Found - /favicon.ico - GET - ::1","timestamp":"2024-11-16T16:17:53.900Z"}
{"level":"error","message":"Not Found","timestamp":"2024-11-16T16:19:51.930Z"}
{"level":"error","message":"404 - Not Found - /css/style.css - GET - ::1","timestamp":"2024-11-16T16:19:51.931Z"}
{"level":"error","message":"Not Found","timestamp":"2024-11-16T16:20:01.310Z"}
{"level":"error","message":"404 - Not Found - /auth/member/signup - GET - ::1","timestamp":"2024-11-16T16:20:01.312Z"}
{"level":"error","message":"Not Found","timestamp":"2024-11-16T16:20:42.336Z"}
{"level":"error","message":"404 - Not Found - /css/style.css - GET - ::1","timestamp":"2024-11-16T16:20:42.337Z"}
{"level":"error","message":"Not Found","timestamp":"2024-11-16T16:21:00.410Z"}
{"level":"error","message":"404 - Not Found - /css/style.css - GET - ::1","timestamp":"2024-11-16T16:21:00.410Z"}
{"level":"error","message":"Not Found","timestamp":"2024-11-16T16:21:00.613Z"}
{"level":"error","message":"404 - Not Found - /css/style.css - GET - ::1","timestamp":"2024-11-16T16:21:00.613Z"}
{"level":"error","message":"Not Found","timestamp":"2024-11-16T16:21:04.601Z"}
{"level":"error","message":"404 - Not Found - /css/style.css - GET - ::1","timestamp":"2024-11-16T16:21:04.601Z"}
{"level":"info","message":"Server running on: http://localhost:3000","timestamp":"2024-11-16T16:27:01.939Z"}
{"level":"info","message":"Server running on: http://localhost:3000","timestamp":"2024-11-16T16:27:41.457Z"}
{"level":"info","message":"Server running on: http://localhost:3000","timestamp":"2024-11-16T16:27:52.393Z"}
{"level":"error","message":"Not Found","timestamp":"2024-11-16T16:53:33.644Z"}
{"level":"error","message":"404 - Not Found - /dashboard - GET - ::1","timestamp":"2024-11-16T16:53:33.646Z"}
{"level":"error","message":"500 - Not authorized, no token - /owners/dashboard - GET - ::1","timestamp":"2024-11-16T16:53:59.811Z"}
{"level":"error","message":"500 - C:\\Users\\noa\\Downloads\\3rd_year_dsi\\NodeJS\\Project\\source_code\\views\\dashboard.ejs:57\n    55|                     Your Projects\r\n    56|                 </h3>\r\n >> 57|                 <% if (owner.projects.length === 0) { %>\r\n    58|                 <p class=\"text-gray-600\">No projects created yet.</p>\r\n    59|                 <% } else { %>\r\n    60|                 <ul class=\"space-y-4\">\r\n\nCannot read properties of undefined (reading 'length') - /owners/dashboard - GET - ::1","timestamp":"2024-11-16T16:54:16.284Z"}
{"level":"info","message":"Server running on: http://localhost:3000","timestamp":"2024-11-16T17:08:07.855Z"}
{"level":"info","message":"Server running on: http://localhost:3000","timestamp":"2024-11-16T17:08:53.322Z"}
{"level":"error","message":"500 - Unexpected token '/' in C:\\Users\\noa\\Downloads\\3rd_year_dsi\\NodeJS\\Project\\source_code\\views\\dashboard.ejs while compiling ejs\n\nIf the above error is not helpful, you may want to try EJS-Lint:\nhttps://github.com/RyanZim/EJS-Lint\nOr, if you meant to create an async function, pass `async: true` as an option. - /owners/dashboard - GET - ::1","timestamp":"2024-11-16T17:12:43.485Z"}
{"level":"error","message":"500 - Unexpected token '/' in C:\\Users\\noa\\Downloads\\3rd_year_dsi\\NodeJS\\Project\\source_code\\views\\dashboard.ejs while compiling ejs\n\nIf the above error is not helpful, you may want to try EJS-Lint:\nhttps://github.com/RyanZim/EJS-Lint\nOr, if you meant to create an async function, pass `async: true` as an option. - /owners/dashboard - GET - ::1","timestamp":"2024-11-16T17:14:09.999Z"}
{"level":"error","message":"500 - C:\\Users\\noa\\Downloads\\3rd_year_dsi\\NodeJS\\Project\\source_code\\views\\dashboard.ejs:4\n    2| <html lang=\"en\">\r\n    3|     <head>\r\n >> 4|         <%- include('./partials/_head.ejs'), {title: 'Owner Dashboard'} %>\r\n    5|     </head>\r\n    6|     <body class=\"bg-gray-100 min-h-screen\">\r\n    7|         <!-- Navbar -->\r\n\nC:\\Users\\noa\\Downloads\\3rd_year_dsi\\NodeJS\\Project\\source_code\\views\\partials\\_head.ejs:9\n    7|         href=\"https://cdn.jsdelivr.net/npm/tailwindcss@2.2.19/dist/tailwind.min.css\"\r\n    8|     />\r\n >> 9|     <title><%= title || \"Project Management App\" %></title>\r\n    10| </head>\r\n    11| \n\ntitle is not defined - /owners/dashboard - GET - ::1","timestamp":"2024-11-16T17:21:13.907Z"}
{"level":"info","message":"Server running on: http://localhost:3000","timestamp":"2024-11-16T22:52:24.031Z"}
{"level":"error","message":"Not Found","timestamp":"2024-11-16T22:52:40.576Z"}
{"level":"error","message":"404 - Not Found - /favicon.ico - GET - ::1","timestamp":"2024-11-16T22:52:40.581Z"}
{"level":"error","message":"500 - Failed to lookup view \"project_create\" in views directory \"./views\" - /projects/ - GET - ::1","timestamp":"2024-11-16T22:53:40.792Z"}
{"level":"info","message":"Server running on: http://localhost:3000","timestamp":"2024-11-16T22:54:36.517Z"}
{"level":"info","message":"Server running on: http://localhost:3000","timestamp":"2024-11-16T22:58:38.088Z"}
{"level":"info","message":"Server running on: http://localhost:3000","timestamp":"2024-11-16T23:03:30.537Z"}
{"level":"info","message":"Server running on: http://localhost:3000","timestamp":"2024-11-16T23:04:03.884Z"}
{"level":"info","message":"Server running on: http://localhost:3000","timestamp":"2024-11-16T23:06:12.588Z"}
{"level":"info","message":"Server running on: http://localhost:3000","timestamp":"2024-11-17T12:07:38.593Z"}
{"level":"error","message":"Not Found","timestamp":"2024-11-17T12:07:44.715Z"}
{"level":"error","message":"404 - Not Found - /favicon.ico - GET - ::1","timestamp":"2024-11-17T12:07:44.715Z"}
{"level":"error","message":"500 - Project validation failed: owner: Path `owner` is required. - /projects/ - POST - ::1","timestamp":"2024-11-17T12:08:09.872Z"}
{"level":"info","message":"Server running on: http://localhost:3000","timestamp":"2024-11-17T12:09:20.255Z"}
{"level":"error","message":"500 - Cannot read properties of undefined (reading 'push') - /projects/ - POST - ::1","timestamp":"2024-11-17T12:09:24.487Z"}
{"level":"info","message":"Server running on: http://localhost:3000","timestamp":"2024-11-17T12:09:49.740Z"}
{"level":"info","message":"Server running on: http://localhost:3000","timestamp":"2024-11-17T12:09:52.831Z"}
{"level":"error","message":"500 - Cannot read properties of undefined (reading 'push') - /projects/ - POST - ::1","timestamp":"2024-11-17T12:10:31.088Z"}
{"level":"info","message":"Server running on: http://localhost:3000","timestamp":"2024-11-17T12:11:23.489Z"}
{"level":"error","message":"500 - Cannot read properties of undefined (reading 'push') - /projects/ - POST - ::1","timestamp":"2024-11-17T12:11:47.789Z"}
{"level":"info","message":"Server running on: http://localhost:3000","timestamp":"2024-11-17T12:12:35.378Z"}
{"level":"error","message":"Not Found","timestamp":"2024-11-17T12:13:00.203Z"}
{"level":"error","message":"404 - Not Found - /projects/owners/dashboard - GET - ::1","timestamp":"2024-11-17T12:13:00.204Z"}
{"level":"info","message":"Server running on: http://localhost:3000","timestamp":"2024-11-17T12:14:17.790Z"}
{"level":"info","message":"Server running on: http://localhost:3000","timestamp":"2024-11-17T12:18:55.666Z"}
{"level":"info","message":"Server running on: http://localhost:3000","timestamp":"2024-11-17T12:19:24.690Z"}
{"level":"info","message":"Server running on: http://localhost:3000","timestamp":"2024-11-17T12:20:09.208Z"}
{"level":"info","message":"Server running on: http://localhost:3000","timestamp":"2024-11-17T12:24:05.794Z"}
{"level":"error","message":"500 - Cannot read properties of undefined (reading 'id') - /owners/me - GET - ::1","timestamp":"2024-11-17T12:28:38.430Z"}
{"level":"info","message":"Server running on: http://localhost:3000","timestamp":"2024-11-17T12:29:41.569Z"}
{"level":"error","message":"500 - Cannot read properties of undefined (reading 'id') - /owners/me - GET - ::1","timestamp":"2024-11-17T12:29:45.863Z"}
{"level":"info","message":"Server running on: http://localhost:3000","timestamp":"2024-11-17T12:30:37.997Z"}
{"level":"error","message":"500 - C:\\Users\\noa\\Downloads\\3rd_year_dsi\\NodeJS\\Project\\source_code\\views\\owner_details.ejs:57\n    55|                 <p class=\"text-gray-700\">\r\n    56|                     <strong class=\"font-medium\">Account Created At:</strong>\r\n >> 57|                     <%= owner.createdAt.toDateString() %>\r\n    58|                 </p>\r\n    59|             </div>\r\n    60| \r\n\nCannot read properties of undefined (reading 'toDateString') - /owners/me - GET - ::1","timestamp":"2024-11-17T12:30:46.026Z"}
{"level":"info","message":"Server running on: http://localhost:3000","timestamp":"2024-11-17T12:32:37.838Z"}
{"level":"info","message":"Server running on: http://localhost:3000","timestamp":"2024-11-17T12:32:51.601Z"}
{"level":"info","message":"Server running on: http://localhost:3000","timestamp":"2024-11-17T12:32:54.217Z"}
{"level":"error","message":"500 - C:\\Users\\noa\\Downloads\\3rd_year_dsi\\NodeJS\\Project\\source_code\\views\\owner_details.ejs:57\n    55|                 <p class=\"text-gray-700\">\r\n    56|                     <strong class=\"font-medium\">Account Created At:</strong>\r\n >> 57|                     <%= owner.createdAt.toDateString() %>\r\n    58|                 </p>\r\n    59|             </div>\r\n    60| \r\n\nCannot read properties of undefined (reading 'toDateString') - /owners/me - GET - ::1","timestamp":"2024-11-17T12:33:09.649Z"}
{"level":"info","message":"Server running on: http://localhost:3000","timestamp":"2024-11-17T12:33:54.432Z"}
{"level":"error","message":"500 - C:\\Users\\noa\\Downloads\\3rd_year_dsi\\NodeJS\\Project\\source_code\\views\\owner_details.ejs:57\n    55|                 <p class=\"text-gray-700\">\r\n    56|                     <strong class=\"font-medium\">Account Created At:</strong>\r\n >> 57|                     <%= owner.createdAt.toDateString() %>\r\n    58|                 </p>\r\n    59|             </div>\r\n    60| \r\n\nCannot read properties of undefined (reading 'toDateString') - /owners/me - GET - ::1","timestamp":"2024-11-17T12:33:56.028Z"}
{"level":"info","message":"Server running on: http://localhost:3000","timestamp":"2024-11-17T12:34:55.629Z"}
{"level":"error","message":"500 - Failed to lookup view \"auth/owner/login\" in views directory \"./views\" - /auth/owner/signup - POST - ::1","timestamp":"2024-11-17T12:35:46.637Z"}
{"level":"info","message":"Server running on: http://localhost:3000","timestamp":"2024-11-17T12:36:38.974Z"}
{"level":"error","message":"Not Found","timestamp":"2024-11-17T12:36:45.961Z"}
{"level":"error","message":"404 - Not Found - /signup - GET - ::1","timestamp":"2024-11-17T12:36:45.962Z"}
{"level":"error","message":"500 - Not authorized, no token - /owners/me - GET - ::1","timestamp":"2024-11-17T12:51:41.060Z"}
{"level":"info","message":"Server running on: http://localhost:3000","timestamp":"2024-11-17T12:57:41.117Z"}
{"level":"info","message":"Server running on: http://localhost:3000","timestamp":"2024-11-17T12:58:05.710Z"}
{"level":"error","message":"Not Found","timestamp":"2024-11-17T12:59:01.953Z"}
{"level":"error","message":"404 - Not Found - /public/static/js/modal.js - GET - ::1","timestamp":"2024-11-17T12:59:01.954Z"}
{"level":"info","message":"Server running on: http://localhost:3000","timestamp":"2024-11-17T12:59:16.923Z"}
{"level":"info","message":"Server running on: http://localhost:3000","timestamp":"2024-11-17T13:00:05.124Z"}
{"level":"error","message":"Not Found","timestamp":"2024-11-17T13:01:22.714Z"}
{"level":"error","message":"404 - Not Found - /auth/owner/update - GET - ::1","timestamp":"2024-11-17T13:01:22.715Z"}
{"level":"info","message":"Server running on: http://localhost:3000","timestamp":"2024-11-17T13:02:19.378Z"}
{"level":"error","message":"Not Found","timestamp":"2024-11-17T13:02:21.500Z"}
{"level":"error","message":"404 - Not Found - /static/js/delete_account_modal.js - GET - ::1","timestamp":"2024-11-17T13:02:21.502Z"}
{"level":"info","message":"Server running on: http://localhost:3000","timestamp":"2024-11-17T13:02:26.789Z"}
{"level":"info","message":"Server running on: http://localhost:3000","timestamp":"2024-11-17T13:03:02.896Z"}
{"level":"info","message":"Server running on: http://localhost:3000","timestamp":"2024-11-17T13:03:57.508Z"}
{"level":"info","message":"Server running on: http://localhost:3000","timestamp":"2024-11-17T13:11:26.652Z"}
{"level":"error","message":"Not Found","timestamp":"2024-11-17T13:12:20.319Z"}
{"level":"error","message":"404 - Not Found - /auth/owner/update - GET - ::1","timestamp":"2024-11-17T13:12:20.320Z"}
{"level":"error","message":"Not Found","timestamp":"2024-11-17T13:13:01.606Z"}
{"level":"error","message":"404 - Not Found - /auth/owner/update - GET - ::1","timestamp":"2024-11-17T13:13:01.607Z"}
{"level":"info","message":"Server running on: http://localhost:3000","timestamp":"2024-11-17T13:27:01.642Z"}
{"level":"info","message":"Server running on: http://localhost:3000","timestamp":"2024-11-17T13:27:12.690Z"}
{"level":"error","message":"Not Found","timestamp":"2024-11-17T13:27:33.518Z"}
{"level":"error","message":"404 - Not Found - /owners/ - POST - ::1","timestamp":"2024-11-17T13:27:33.519Z"}
{"level":"info","message":"Server running on: http://localhost:3000","timestamp":"2024-11-17T13:28:45.452Z"}
{"level":"info","message":"Server running on: http://localhost:3000","timestamp":"2024-11-17T13:29:05.796Z"}
{"level":"info","message":"Server running on: http://localhost:3000","timestamp":"2024-11-17T13:29:37.787Z"}
{"level":"info","message":"Server running on: http://localhost:3000","timestamp":"2024-11-17T13:32:52.133Z"}
{"level":"info","message":"Server running on: http://localhost:3000","timestamp":"2024-11-17T14:50:02.692Z"}
{"level":"error","message":"500 - jwt is not defined - /owners/me/update - POST - ::1","timestamp":"2024-11-17T14:50:26.414Z"}
{"level":"info","message":"Server running on: http://localhost:3000","timestamp":"2024-11-17T14:50:37.749Z"}
